<?xml version="1.0" encoding="UTF-8"?>
<!-- Generated by org.testng.reporters.JUnitXMLReporter -->
<testsuite hostname="DESKTOP-SHO86H3" ignored="0" name="Default test" tests="4" failures="0" timestamp="2020-02-01T21:02:42 EST" time="0.041" errors="0">
  <testcase name="div" time="0.009" classname="com.qa.tests.DemoTest"/>
  <testcase name="multi" time="0.001" classname="com.qa.tests.DemoTest"/>
  <testcase name="sub" time="0.001" classname="com.qa.tests.DemoTest"/>
  <testcase name="sum" time="0.001" classname="com.qa.tests.DemoTest"/>
</testsuite> <!-- Default test -->
