<?xml version="1.0" encoding="UTF-8"?>
<!-- Generated by org.testng.reporters.JUnitXMLReporter -->
<testsuite hostname="DESKTOP-SHO86H3" ignored="0" name="Command line test" tests="4" failures="0" timestamp="02 Feb 2020 02:01:22 GMT" time="0.022" errors="0">
  <testcase name="div" time="0.003" classname="com.qa.tests.DemoTest"/>
  <testcase name="multi" time="0.0" classname="com.qa.tests.DemoTest"/>
  <testcase name="sub" time="0.0" classname="com.qa.tests.DemoTest"/>
  <testcase name="sum" time="0.0" classname="com.qa.tests.DemoTest"/>
</testsuite> <!-- Command line test -->
