<?xml version="1.0" encoding="UTF-8"?>
<testng-results skipped="0" failed="0" ignored="0" total="4" passed="4">
  <reporter-output>
  </reporter-output>
  <suite name="com.qa.tests.DemoTest" duration-ms="22" started-at="2020-02-02T02:01:22Z" finished-at="2020-02-02T02:01:22Z">
    <groups>
    </groups>
    <test name="Command line test" duration-ms="22" started-at="2020-02-02T02:01:22Z" finished-at="2020-02-02T02:01:22Z">
      <class name="com.qa.tests.DemoTest">
        <test-method status="PASS" signature="div()[pri:0, instance:com.qa.tests.DemoTest@19dfb72a]" name="div" duration-ms="3" started-at="2020-02-02T02:01:22Z" finished-at="2020-02-02T02:01:22Z">
          <reporter-output>
          </reporter-output>
        </test-method> <!-- div -->
        <test-method status="PASS" signature="sum()[pri:0, instance:com.qa.tests.DemoTest@19dfb72a]" name="sum" duration-ms="0" started-at="2020-02-02T02:01:22Z" finished-at="2020-02-02T02:01:22Z">
          <reporter-output>
          </reporter-output>
        </test-method> <!-- sum -->
        <test-method status="PASS" signature="multi()[pri:0, instance:com.qa.tests.DemoTest@19dfb72a]" name="multi" duration-ms="0" started-at="2020-02-02T02:01:22Z" finished-at="2020-02-02T02:01:22Z">
          <reporter-output>
          </reporter-output>
        </test-method> <!-- multi -->
        <test-method status="PASS" signature="sub()[pri:0, instance:com.qa.tests.DemoTest@19dfb72a]" name="sub" duration-ms="0" started-at="2020-02-02T02:01:22Z" finished-at="2020-02-02T02:01:22Z">
          <reporter-output>
          </reporter-output>
        </test-method> <!-- sub -->
      </class> <!-- com.qa.tests.DemoTest -->
    </test> <!-- Command line test -->
  </suite> <!-- com.qa.tests.DemoTest -->
</testng-results>
