<?xml version="1.0" encoding="UTF-8"?>
<testng-results skipped="0" failed="0" ignored="0" total="4" passed="4">
  <reporter-output>
  </reporter-output>
  <suite name="Default suite" duration-ms="41" started-at="2020-02-01T21:02:42 EST" finished-at="2020-02-01T21:02:42 EST">
    <groups>
    </groups>
    <test name="Default test" duration-ms="41" started-at="2020-02-01T21:02:42 EST" finished-at="2020-02-01T21:02:42 EST">
      <class name="com.qa.tests.DemoTest">
        <test-method status="PASS" signature="div()[pri:0, instance:com.qa.tests.DemoTest@61f8bee4]" name="div" duration-ms="9" started-at="2020-02-01T21:02:42 EST" finished-at="2020-02-01T21:02:42 EST">
          <reporter-output>
          </reporter-output>
        </test-method> <!-- div -->
        <test-method status="PASS" signature="multi()[pri:0, instance:com.qa.tests.DemoTest@61f8bee4]" name="multi" duration-ms="1" started-at="2020-02-01T21:02:42 EST" finished-at="2020-02-01T21:02:42 EST">
          <reporter-output>
          </reporter-output>
        </test-method> <!-- multi -->
        <test-method status="PASS" signature="sub()[pri:0, instance:com.qa.tests.DemoTest@61f8bee4]" name="sub" duration-ms="1" started-at="2020-02-01T21:02:42 EST" finished-at="2020-02-01T21:02:42 EST">
          <reporter-output>
          </reporter-output>
        </test-method> <!-- sub -->
        <test-method status="PASS" signature="sum()[pri:0, instance:com.qa.tests.DemoTest@61f8bee4]" name="sum" duration-ms="1" started-at="2020-02-01T21:02:42 EST" finished-at="2020-02-01T21:02:42 EST">
          <reporter-output>
          </reporter-output>
        </test-method> <!-- sum -->
      </class> <!-- com.qa.tests.DemoTest -->
    </test> <!-- Default test -->
  </suite> <!-- Default suite -->
</testng-results>
